2022-3月-24 19:13:40 [main] INFO  c.e.l.LogTestApplication                           - Starting LogTestApplication using Java 13.0.2 on LAPTOP-T4HPATPV with PID 17048 (E:\LogTest\target\classes started by 73970 in E:\LogTest)
2022-3月-24 19:13:40 [main] INFO  c.e.l.LogTestApplication                           - No active profile set, falling back to 1 default profile: "default"
2022-3月-24 19:13:41 [main] INFO  o.s.b.w.e.t.TomcatWebServer                        - Tomcat initialized with port(s): 8080 (http)
2022-3月-24 19:13:41 [main] INFO  o.a.c.h.Http11NioProtocol                          - Initializing ProtocolHandler ["http-nio-8080"]
2022-3月-24 19:13:41 [main] INFO  o.a.c.c.StandardService                            - Starting service [Tomcat]
2022-3月-24 19:13:41 [main] INFO  o.a.c.c.StandardEngine                             - Starting Servlet engine: [Apache Tomcat/9.0.60]
2022-3月-24 19:13:41 [main] INFO  o.a.c.c.C.[.[.[/]                                  - Initializing Spring embedded WebApplicationContext
2022-3月-24 19:13:41 [main] INFO  o.s.b.w.s.c.ServletWebServerApplicationContext     - Root WebApplicationContext: initialization completed in 1435 ms
2022-3月-24 19:13:41 [main] INFO  o.a.c.h.Http11NioProtocol                          - Starting ProtocolHandler ["http-nio-8080"]
2022-3月-24 19:13:42 [main] INFO  o.s.b.w.e.t.TomcatWebServer                        - Tomcat started on port(s): 8080 (http) with context path ''
2022-3月-24 19:13:42 [main] INFO  c.e.l.LogTestApplication                           - Started LogTestApplication in 3.073 seconds (JVM running for 5.587)
2022-3月-24 19:13:59 [http-nio-8080-exec-1] INFO  o.a.c.c.C.[.[.[/]                                  - Initializing Spring DispatcherServlet 'dispatcherServlet'
2022-3月-24 19:13:59 [http-nio-8080-exec-1] INFO  o.s.w.s.DispatcherServlet                          - Initializing Servlet 'dispatcherServlet'
2022-3月-24 19:13:59 [http-nio-8080-exec-1] INFO  o.s.w.s.DispatcherServlet                          - Completed initialization in 0 ms
2022-3月-24 19:13:59 [http-nio-8080-exec-1] INFO  c.e.l.c.Controller                                 - this is a log
2022-3月-24 19:13:59 [http-nio-8080-exec-1] INFO  c.e.l.c.Controller                                 - this is an error, should be write into app.log file!
2022-3月-24 19:14:05 [http-nio-8080-exec-2] INFO  c.e.l.c.Controller                                 - this is a log
2022-3月-24 19:14:05 [http-nio-8080-exec-2] INFO  c.e.l.c.Controller                                 - this is an error, should be write into app.log file!
2022-3月-24 19:14:41 [main] INFO  c.e.l.LogTestApplication                           - Starting LogTestApplication using Java 13.0.2 on LAPTOP-T4HPATPV with PID 9168 (E:\LogTest\target\classes started by 73970 in E:\LogTest)
2022-3月-24 19:14:41 [main] INFO  c.e.l.LogTestApplication                           - No active profile set, falling back to 1 default profile: "default"
2022-3月-24 19:14:42 [main] INFO  o.s.b.w.e.t.TomcatWebServer                        - Tomcat initialized with port(s): 8080 (http)
2022-3月-24 19:14:42 [main] INFO  o.a.c.h.Http11NioProtocol                          - Initializing ProtocolHandler ["http-nio-8080"]
2022-3月-24 19:14:42 [main] INFO  o.a.c.c.StandardService                            - Starting service [Tomcat]
2022-3月-24 19:14:42 [main] INFO  o.a.c.c.StandardEngine                             - Starting Servlet engine: [Apache Tomcat/9.0.60]
2022-3月-24 19:14:42 [main] INFO  o.a.c.c.C.[.[.[/]                                  - Initializing Spring embedded WebApplicationContext
2022-3月-24 19:14:42 [main] INFO  o.s.b.w.s.c.ServletWebServerApplicationContext     - Root WebApplicationContext: initialization completed in 1426 ms
2022-3月-24 19:14:43 [main] INFO  o.a.c.h.Http11NioProtocol                          - Starting ProtocolHandler ["http-nio-8080"]
2022-3月-24 19:14:43 [main] INFO  o.s.b.w.e.t.TomcatWebServer                        - Tomcat started on port(s): 8080 (http) with context path ''
2022-3月-24 19:14:43 [main] INFO  c.e.l.LogTestApplication                           - Started LogTestApplication in 3.042 seconds (JVM running for 5.496)
2022-3月-24 19:14:53 [http-nio-8080-exec-1] INFO  o.a.c.c.C.[.[.[/]                                  - Initializing Spring DispatcherServlet 'dispatcherServlet'
2022-3月-24 19:14:53 [http-nio-8080-exec-1] INFO  o.s.w.s.DispatcherServlet                          - Initializing Servlet 'dispatcherServlet'
2022-3月-24 19:14:53 [http-nio-8080-exec-1] INFO  o.s.w.s.DispatcherServlet                          - Completed initialization in 1 ms
2022-3月-24 19:14:54 [http-nio-8080-exec-1] INFO  c.e.l.c.Controller                                 - this is a log
2022-3月-24 19:14:54 [http-nio-8080-exec-1] INFO  c.e.l.c.Controller                                 - this is an error, should be write into app.log file!
2022-3月-24 19:15:00 [http-nio-8080-exec-3] INFO  c.e.l.c.Controller                                 - this is a log
2022-3月-24 19:15:00 [http-nio-8080-exec-3] INFO  c.e.l.c.Controller                                 - this is an error, should be write into app.log file!
2022-03-24 19:20:43,296 [http-nio-8080-exec-1] INFO  com.example.logtest.controller.Controller - this is a log
2022-03-24 19:20:43,303 [http-nio-8080-exec-1] ERROR com.example.logtest.controller.Controller - this is an error, should be write into app.log file!
2022-03-24 19:20:44,008 [http-nio-8080-exec-2] INFO  com.example.logtest.controller.Controller - this is a log
2022-03-24 19:20:44,008 [http-nio-8080-exec-2] ERROR com.example.logtest.controller.Controller - this is an error, should be write into app.log file!
2022-03-24 19:20:48,152 [http-nio-8080-exec-3] INFO  com.example.logtest.controller.Controller - this is a log
2022-03-24 19:20:48,152 [http-nio-8080-exec-3] ERROR com.example.logtest.controller.Controller - this is an error, should be write into app.log file!
2022-03-24 19:20:49,808 [http-nio-8080-exec-4] INFO  com.example.logtest.controller.Controller - this is a log
2022-03-24 19:20:49,808 [http-nio-8080-exec-4] ERROR com.example.logtest.controller.Controller - this is an error, should be write into app.log file!
2022-03-24 19:21:20,876 [http-nio-8080-exec-1] INFO  com.example.logtest.controller.Controller - this is a log
2022-03-24 19:21:20,876 [http-nio-8080-exec-1] ERROR com.example.logtest.controller.Controller - this is an error, should be write into app.log file!
2022-03-24 19:21:21,996 [http-nio-8080-exec-2] INFO  com.example.logtest.controller.Controller - this is a log
2022-03-24 19:21:21,997 [http-nio-8080-exec-2] ERROR com.example.logtest.controller.Controller - this is an error, should be write into app.log file!
2022-03-24 19:21:27,938 [http-nio-8080-exec-3] INFO  com.example.logtest.controller.Controller - this is a log
2022-03-24 19:21:27,939 [http-nio-8080-exec-3] ERROR com.example.logtest.controller.Controller - this is an error, should be write into app.log file!
2022-03-24 19:21:37,044 [http-nio-8080-exec-4] INFO  com.example.logtest.controller.Controller - this is a log
2022-03-24 19:21:37,044 [http-nio-8080-exec-4] ERROR com.example.logtest.controller.Controller - this is an error, should be write into app.log file!
2022-03-24 19:21:39,062 [http-nio-8080-exec-5] INFO  com.example.logtest.controller.Controller - this is a log
2022-03-24 19:21:39,062 [http-nio-8080-exec-5] ERROR com.example.logtest.controller.Controller - this is an error, should be write into app.log file!
2022-03-24 19:21:46,735 [http-nio-8080-exec-6] INFO  com.example.logtest.controller.Controller - this is a log
2022-03-24 19:21:46,735 [http-nio-8080-exec-6] ERROR com.example.logtest.controller.Controller - this is an error, should be write into app.log file!
2022-03-24 19:21:53,128 [http-nio-8080-exec-7] INFO  com.example.logtest.controller.Controller - this is a log
2022-03-24 19:21:53,128 [http-nio-8080-exec-7] ERROR com.example.logtest.controller.Controller - this is an error, should be write into app.log file!
2022-03-24 19:21:59,766 [http-nio-8080-exec-8] INFO  com.example.logtest.controller.Controller - this is a log
2022-03-24 19:21:59,767 [http-nio-8080-exec-8] ERROR com.example.logtest.controller.Controller - this is an error, should be write into app.log file!
2022-03-24 19:22:04,502 [http-nio-8080-exec-9] INFO  com.example.logtest.controller.Controller - this is a log
2022-03-24 19:22:04,502 [http-nio-8080-exec-9] ERROR com.example.logtest.controller.Controller - this is an error, should be write into app.log file!
2022-03-24 19:27:27,283 [http-nio-8080-exec-1] INFO  com.example.logtest.controller.Controller - this is a log
2022-03-24 19:27:27,283 [http-nio-8080-exec-1] ERROR com.example.logtest.controller.Controller - this is an error, should be write into app.log file!
2022-03-24 19:27:29,514 [http-nio-8080-exec-3] INFO  com.example.logtest.controller.Controller - this is a log
2022-03-24 19:27:29,514 [http-nio-8080-exec-3] ERROR com.example.logtest.controller.Controller - this is an error, should be write into app.log file!
2022-03-24 19:27:31,389 [http-nio-8080-exec-2] INFO  com.example.logtest.controller.Controller - this is a log
2022-03-24 19:27:31,389 [http-nio-8080-exec-2] ERROR com.example.logtest.controller.Controller - this is an error, should be write into app.log file!
2022-03-24 19:27:32,011 [http-nio-8080-exec-4] INFO  com.example.logtest.controller.Controller - this is a log
2022-03-24 19:27:32,011 [http-nio-8080-exec-4] ERROR com.example.logtest.controller.Controller - this is an error, should be write into app.log file!
2022-03-24 19:27:32,447 [http-nio-8080-exec-7] INFO  com.example.logtest.controller.Controller - this is a log
2022-03-24 19:27:32,447 [http-nio-8080-exec-7] ERROR com.example.logtest.controller.Controller - this is an error, should be write into app.log file!
2022-03-24 19:30:55,386 [http-nio-8080-exec-1] INFO  com.example.logtest.controller.Controller - this is a log
2022-03-24 19:30:55,386 [http-nio-8080-exec-1] ERROR com.example.logtest.controller.Controller - this is an error, should be write into app.log file!
2022-03-24 19:30:57,069 [http-nio-8080-exec-3] INFO  com.example.logtest.controller.Controller - this is a log
2022-03-24 19:30:57,069 [http-nio-8080-exec-3] ERROR com.example.logtest.controller.Controller - this is an error, should be write into app.log file!
2022-03-24 19:30:58,902 [http-nio-8080-exec-2] INFO  com.example.logtest.controller.Controller - this is a log
2022-03-24 19:30:58,902 [http-nio-8080-exec-2] ERROR com.example.logtest.controller.Controller - this is an error, should be write into app.log file!
2022-03-24 19:31:14,262 [http-nio-8080-exec-4] INFO  com.example.logtest.controller.Controller - this is a log
2022-03-24 19:31:14,263 [http-nio-8080-exec-4] ERROR com.example.logtest.controller.Controller - this is an error, should be write into app.log file!
2022-03-29 10:09:47,236 [http-nio-8080-exec-1] INFO  com.example.logtest.controller.Controller - this is a log
2022-03-29 10:09:47,237 [http-nio-8080-exec-1] ERROR com.example.logtest.controller.Controller - this is an error, should be write into app.log file!
2022-03-29 10:11:50,270 [http-nio-8080-exec-4] INFO  com.example.logtest.controller.Controller - this is a log
2022-03-29 10:11:50,270 [http-nio-8080-exec-4] ERROR com.example.logtest.controller.Controller - this is an error, should be write into app.log file!
2022-03-29 10:11:51,273 [http-nio-8080-exec-6] INFO  com.example.logtest.controller.Controller - this is a log
2022-03-29 10:11:51,274 [http-nio-8080-exec-6] ERROR com.example.logtest.controller.Controller - this is an error, should be write into app.log file!
2022-03-29 10:14:32,963 [http-nio-8080-exec-1] INFO  com.example.logtest.controller.Controller - this is a log
2022-03-29 10:14:32,963 [http-nio-8080-exec-1] ERROR com.example.logtest.controller.Controller - this is an error, should be write into app.log file!
2022-03-29 10:14:41,718 [http-nio-8080-exec-2] INFO  com.example.logtest.controller.Controller - this is a log
2022-03-29 10:14:41,719 [http-nio-8080-exec-2] ERROR com.example.logtest.controller.Controller - this is an error, should be write into app.log file!
2022-03-29 10:16:34,633 [http-nio-8080-exec-1] INFO  com.example.logtest.controller.Controller - this is a log
2022-03-29 10:16:34,633 [http-nio-8080-exec-1] ERROR com.example.logtest.controller.Controller - this is an error, should be write into app.log file!
2022-03-29 10:16:36,086 [http-nio-8080-exec-2] INFO  com.example.logtest.controller.Controller - this is a log
2022-03-29 10:16:36,087 [http-nio-8080-exec-2] ERROR com.example.logtest.controller.Controller - this is an error, should be write into app.log file!
2022-03-29 10:16:37,295 [http-nio-8080-exec-3] INFO  com.example.logtest.controller.Controller - this is a log
2022-03-29 10:16:37,296 [http-nio-8080-exec-3] ERROR com.example.logtest.controller.Controller - this is an error, should be write into app.log file!
2022-3月-29 10:18:24 [http-nio-8080-exec-1] INFO  c.e.l.c.Controller                                 - this is a log
2022-3月-29 10:18:24 [http-nio-8080-exec-1] ERROR c.e.l.c.Controller                                 - this is an error, should be write into app.log file!
2022-3月-29 10:20:34 [main] INFO  c.e.l.LogTestApplication                           - Starting LogTestApplication using Java 13.0.2 on LAPTOP-T4HPATPV with PID 15536 (E:\LogTest\target\classes started by 73970 in E:\LogTest)
2022-3月-29 10:20:34 [main] INFO  c.e.l.LogTestApplication                           - No active profile set, falling back to 1 default profile: "default"
2022-3月-29 10:20:35 [main] INFO  o.s.b.w.e.t.TomcatWebServer                        - Tomcat initialized with port(s): 8080 (http)
2022-3月-29 10:20:35 [main] INFO  o.a.c.h.Http11NioProtocol                          - Initializing ProtocolHandler ["http-nio-8080"]
2022-3月-29 10:20:35 [main] INFO  o.a.c.c.StandardService                            - Starting service [Tomcat]
2022-3月-29 10:20:35 [main] INFO  o.a.c.c.StandardEngine                             - Starting Servlet engine: [Apache Tomcat/9.0.60]
2022-3月-29 10:20:35 [main] INFO  o.a.c.c.C.[.[.[/]                                  - Initializing Spring embedded WebApplicationContext
2022-3月-29 10:20:35 [main] INFO  o.s.b.w.s.c.ServletWebServerApplicationContext     - Root WebApplicationContext: initialization completed in 1504 ms
2022-3月-29 10:20:36 [main] INFO  o.a.c.h.Http11NioProtocol                          - Starting ProtocolHandler ["http-nio-8080"]
2022-3月-29 10:20:36 [main] INFO  o.s.b.w.e.t.TomcatWebServer                        - Tomcat started on port(s): 8080 (http) with context path ''
2022-3月-29 10:20:36 [main] INFO  c.e.l.LogTestApplication                           - Started LogTestApplication in 3.247 seconds (JVM running for 5.54)
2022-3月-29 10:20:41 [http-nio-8080-exec-1] INFO  o.a.c.c.C.[.[.[/]                                  - Initializing Spring DispatcherServlet 'dispatcherServlet'
2022-3月-29 10:20:41 [http-nio-8080-exec-1] INFO  o.s.w.s.DispatcherServlet                          - Initializing Servlet 'dispatcherServlet'
2022-3月-29 10:20:41 [http-nio-8080-exec-1] INFO  o.s.w.s.DispatcherServlet                          - Completed initialization in 1 ms
2022-3月-29 10:20:41 [http-nio-8080-exec-1] INFO  c.e.l.c.Controller                                 - this is a log
2022-3月-29 10:20:41 [http-nio-8080-exec-1] ERROR c.e.l.c.Controller                                 - this is an error, should be write into app.log file!
2022-3月-29 10:22:11 [main] INFO  c.e.l.LogTestApplication                           - Starting LogTestApplication using Java 13.0.2 on LAPTOP-T4HPATPV with PID 8892 (E:\LogTest\target\classes started by 73970 in E:\LogTest)
2022-3月-29 10:22:11 [main] INFO  c.e.l.LogTestApplication                           - No active profile set, falling back to 1 default profile: "default"
2022-3月-29 10:22:12 [main] INFO  o.s.b.w.e.t.TomcatWebServer                        - Tomcat initialized with port(s): 8080 (http)
2022-3月-29 10:22:12 [main] INFO  o.a.c.h.Http11NioProtocol                          - Initializing ProtocolHandler ["http-nio-8080"]
2022-3月-29 10:22:12 [main] INFO  o.a.c.c.StandardService                            - Starting service [Tomcat]
2022-3月-29 10:22:12 [main] INFO  o.a.c.c.StandardEngine                             - Starting Servlet engine: [Apache Tomcat/9.0.60]
2022-3月-29 10:22:12 [main] INFO  o.a.c.c.C.[.[.[/]                                  - Initializing Spring embedded WebApplicationContext
2022-3月-29 10:22:12 [main] INFO  o.s.b.w.s.c.ServletWebServerApplicationContext     - Root WebApplicationContext: initialization completed in 1627 ms
2022-3月-29 10:22:13 [main] INFO  o.a.c.h.Http11NioProtocol                          - Starting ProtocolHandler ["http-nio-8080"]
2022-3月-29 10:22:13 [main] INFO  o.s.b.w.e.t.TomcatWebServer                        - Tomcat started on port(s): 8080 (http) with context path ''
2022-3月-29 10:22:13 [main] INFO  c.e.l.LogTestApplication                           - Started LogTestApplication in 3.507 seconds (JVM running for 5.924)
2022-3月-29 10:22:20 [http-nio-8080-exec-1] INFO  o.a.c.c.C.[.[.[/]                                  - Initializing Spring DispatcherServlet 'dispatcherServlet'
2022-3月-29 10:22:20 [http-nio-8080-exec-1] INFO  o.s.w.s.DispatcherServlet                          - Initializing Servlet 'dispatcherServlet'
2022-3月-29 10:22:20 [http-nio-8080-exec-1] INFO  o.s.w.s.DispatcherServlet                          - Completed initialization in 1 ms
2022-3月-29 10:22:20 [http-nio-8080-exec-1] INFO  c.e.l.c.Controller                                 - this is a log
2022-3月-29 10:22:20 [http-nio-8080-exec-1] ERROR c.e.l.c.Controller                                 - this is an error, should be write into app.log file!
2022-3月-29 10:22:23 [http-nio-8080-exec-3] INFO  c.e.l.c.Controller                                 - this is a log
2022-3月-29 10:22:23 [http-nio-8080-exec-3] ERROR c.e.l.c.Controller                                 - this is an error, should be write into app.log file!
2022-3月-29 10:22:24 [http-nio-8080-exec-4] INFO  c.e.l.c.Controller                                 - this is a log
2022-3月-29 10:22:24 [http-nio-8080-exec-4] ERROR c.e.l.c.Controller                                 - this is an error, should be write into app.log file!
2022-3月-29 10:23:14 [http-nio-8080-exec-1] INFO  c.e.l.c.Controller                                 - this is a log
2022-3月-29 10:23:14 [http-nio-8080-exec-1] ERROR c.e.l.c.Controller                                 - this is an error, should be write into app.log file!
2022-3月-29 10:23:15 [http-nio-8080-exec-2] INFO  c.e.l.c.Controller                                 - this is a log
2022-3月-29 10:23:15 [http-nio-8080-exec-2] ERROR c.e.l.c.Controller                                 - this is an error, should be write into app.log file!
2022-3月-29 10:23:16 [http-nio-8080-exec-3] INFO  c.e.l.c.Controller                                 - this is a log
2022-3月-29 10:23:16 [http-nio-8080-exec-3] ERROR c.e.l.c.Controller                                 - this is an error, should be write into app.log file!
2022-3月-29 10:23:17 [http-nio-8080-exec-4] INFO  c.e.l.c.Controller                                 - this is a log
2022-3月-29 10:23:17 [http-nio-8080-exec-4] ERROR c.e.l.c.Controller                                 - this is an error, should be write into app.log file!
2022-3月-29 10:23:18 [http-nio-8080-exec-5] INFO  c.e.l.c.Controller                                 - this is a log
2022-3月-29 10:23:18 [http-nio-8080-exec-5] ERROR c.e.l.c.Controller                                 - this is an error, should be write into app.log file!
2022-3月-29 10:23:18 [http-nio-8080-exec-6] INFO  c.e.l.c.Controller                                 - this is a log
2022-3月-29 10:23:18 [http-nio-8080-exec-6] ERROR c.e.l.c.Controller                                 - this is an error, should be write into app.log file!
2022-3月-29 10:23:30 [http-nio-8080-exec-8] INFO  c.e.l.c.Controller                                 - this is a log
2022-3月-29 10:23:30 [http-nio-8080-exec-8] ERROR c.e.l.c.Controller                                 - this is an error, should be write into app.log file!
